<?xml version="1.0" encoding="UTF-8"?>
<testsuite xmlns:xsi="http://www.w3.org/2001/XMLSchema-instance" xsi:noNamespaceSchemaLocation="https://maven.apache.org/surefire/maven-surefire-plugin/xsd/surefire-test-report-3.0.xsd" version="3.0" name="com.pumppals.pumppalsapi.PumppalsApiApplicationTests" time="2.099" tests="1" errors="0" skipped="0" failures="0">
  <properties>
    <property name="java.specification.version" value="21"/>
    <property name="sun.jnu.encoding" value="UTF-8"/>
    <property name="java.class.path" value="/Users/liamsinclair/PumpPals/target/test-classes:/Users/liamsinclair/PumpPals/target/classes:/Users/liamsinclair/.m2/repository/org/springframework/boot/spring-boot-starter-data-mongodb/3.2.0/spring-boot-starter-data-mongodb-3.2.0.jar:/Users/liamsinclair/.m2/repository/org/springframework/boot/spring-boot-starter/3.2.0/spring-boot-starter-3.2.0.jar:/Users/liamsinclair/.m2/repository/org/springframework/boot/spring-boot-starter-logging/3.2.0/spring-boot-starter-logging-3.2.0.jar:/Users/liamsinclair/.m2/repository/ch/qos/logback/logback-classic/1.4.11/logback-classic-1.4.11.jar:/Users/liamsinclair/.m2/repository/ch/qos/logback/logback-core/1.4.11/logback-core-1.4.11.jar:/Users/liamsinclair/.m2/repository/org/apache/logging/log4j/log4j-to-slf4j/2.21.1/log4j-to-slf4j-2.21.1.jar:/Users/liamsinclair/.m2/repository/org/apache/logging/log4j/log4j-api/2.21.1/log4j-api-2.21.1.jar:/Users/liamsinclair/.m2/repository/org/slf4j/jul-to-slf4j/2.0.9/jul-to-slf4j-2.0.9.jar:/Users/liamsinclair/.m2/repository/jakarta/annotation/jakarta.annotation-api/2.1.1/jakarta.annotation-api-2.1.1.jar:/Users/liamsinclair/.m2/repository/org/yaml/snakeyaml/2.2/snakeyaml-2.2.jar:/Users/liamsinclair/.m2/repository/org/mongodb/mongodb-driver-sync/4.11.1/mongodb-driver-sync-4.11.1.jar:/Users/liamsinclair/.m2/repository/org/mongodb/bson/4.11.1/bson-4.11.1.jar:/Users/liamsinclair/.m2/repository/org/mongodb/mongodb-driver-core/4.11.1/mongodb-driver-core-4.11.1.jar:/Users/liamsinclair/.m2/repository/org/mongodb/bson-record-codec/4.11.1/bson-record-codec-4.11.1.jar:/Users/liamsinclair/.m2/repository/org/springframework/data/spring-data-mongodb/4.2.0/spring-data-mongodb-4.2.0.jar:/Users/liamsinclair/.m2/repository/org/springframework/spring-tx/6.1.1/spring-tx-6.1.1.jar:/Users/liamsinclair/.m2/repository/org/springframework/spring-context/6.1.1/spring-context-6.1.1.jar:/Users/liamsinclair/.m2/repository/org/springframework/spring-beans/6.1.1/spring-beans-6.1.1.jar:/Users/liamsinclair/.m2/repository/org/springframework/spring-expression/6.1.1/spring-expression-6.1.1.jar:/Users/liamsinclair/.m2/repository/org/springframework/data/spring-data-commons/3.2.0/spring-data-commons-3.2.0.jar:/Users/liamsinclair/.m2/repository/org/slf4j/slf4j-api/2.0.9/slf4j-api-2.0.9.jar:/Users/liamsinclair/.m2/repository/me/paulschwarz/spring-dotenv/2.5.4/spring-dotenv-2.5.4.jar:/Users/liamsinclair/.m2/repository/io/github/cdimascio/dotenv-java/2.2.3/dotenv-java-2.2.3.jar:/Users/liamsinclair/.m2/repository/org/springframework/boot/spring-boot-starter-security/3.2.0/spring-boot-starter-security-3.2.0.jar:/Users/liamsinclair/.m2/repository/org/springframework/spring-aop/6.1.1/spring-aop-6.1.1.jar:/Users/liamsinclair/.m2/repository/org/springframework/security/spring-security-config/6.2.0/spring-security-config-6.2.0.jar:/Users/liamsinclair/.m2/repository/org/springframework/security/spring-security-web/6.2.0/spring-security-web-6.2.0.jar:/Users/liamsinclair/.m2/repository/org/springframework/boot/spring-boot-starter-web/3.2.0/spring-boot-starter-web-3.2.0.jar:/Users/liamsinclair/.m2/repository/org/springframework/boot/spring-boot-starter-json/3.2.0/spring-boot-starter-json-3.2.0.jar:/Users/liamsinclair/.m2/repository/com/fasterxml/jackson/datatype/jackson-datatype-jdk8/2.15.3/jackson-datatype-jdk8-2.15.3.jar:/Users/liamsinclair/.m2/repository/com/fasterxml/jackson/datatype/jackson-datatype-jsr310/2.15.3/jackson-datatype-jsr310-2.15.3.jar:/Users/liamsinclair/.m2/repository/com/fasterxml/jackson/module/jackson-module-parameter-names/2.15.3/jackson-module-parameter-names-2.15.3.jar:/Users/liamsinclair/.m2/repository/org/springframework/boot/spring-boot-starter-tomcat/3.2.0/spring-boot-starter-tomcat-3.2.0.jar:/Users/liamsinclair/.m2/repository/org/apache/tomcat/embed/tomcat-embed-core/10.1.16/tomcat-embed-core-10.1.16.jar:/Users/liamsinclair/.m2/repository/org/apache/tomcat/embed/tomcat-embed-websocket/10.1.16/tomcat-embed-websocket-10.1.16.jar:/Users/liamsinclair/.m2/repository/org/springframework/spring-web/6.1.1/spring-web-6.1.1.jar:/Users/liamsinclair/.m2/repository/io/micrometer/micrometer-observation/1.12.0/micrometer-observation-1.12.0.jar:/Users/liamsinclair/.m2/repository/io/micrometer/micrometer-commons/1.12.0/micrometer-commons-1.12.0.jar:/Users/liamsinclair/.m2/repository/org/springframework/spring-webmvc/6.1.1/spring-webmvc-6.1.1.jar:/Users/liamsinclair/.m2/repository/org/projectlombok/lombok/1.18.30/lombok-1.18.30.jar:/Users/liamsinclair/.m2/repository/org/springframework/boot/spring-boot-starter-test/3.2.0/spring-boot-starter-test-3.2.0.jar:/Users/liamsinclair/.m2/repository/org/springframework/boot/spring-boot-test/3.2.0/spring-boot-test-3.2.0.jar:/Users/liamsinclair/.m2/repository/org/springframework/boot/spring-boot-test-autoconfigure/3.2.0/spring-boot-test-autoconfigure-3.2.0.jar:/Users/liamsinclair/.m2/repository/com/jayway/jsonpath/json-path/2.8.0/json-path-2.8.0.jar:/Users/liamsinclair/.m2/repository/jakarta/xml/bind/jakarta.xml.bind-api/4.0.1/jakarta.xml.bind-api-4.0.1.jar:/Users/liamsinclair/.m2/repository/jakarta/activation/jakarta.activation-api/2.1.2/jakarta.activation-api-2.1.2.jar:/Users/liamsinclair/.m2/repository/net/minidev/json-smart/2.5.0/json-smart-2.5.0.jar:/Users/liamsinclair/.m2/repository/net/minidev/accessors-smart/2.5.0/accessors-smart-2.5.0.jar:/Users/liamsinclair/.m2/repository/org/ow2/asm/asm/9.3/asm-9.3.jar:/Users/liamsinclair/.m2/repository/org/assertj/assertj-core/3.24.2/assertj-core-3.24.2.jar:/Users/liamsinclair/.m2/repository/net/bytebuddy/byte-buddy/1.14.10/byte-buddy-1.14.10.jar:/Users/liamsinclair/.m2/repository/org/awaitility/awaitility/4.2.0/awaitility-4.2.0.jar:/Users/liamsinclair/.m2/repository/org/hamcrest/hamcrest/2.2/hamcrest-2.2.jar:/Users/liamsinclair/.m2/repository/org/junit/jupiter/junit-jupiter/5.10.1/junit-jupiter-5.10.1.jar:/Users/liamsinclair/.m2/repository/org/junit/jupiter/junit-jupiter-api/5.10.1/junit-jupiter-api-5.10.1.jar:/Users/liamsinclair/.m2/repository/org/opentest4j/opentest4j/1.3.0/opentest4j-1.3.0.jar:/Users/liamsinclair/.m2/repository/org/junit/platform/junit-platform-commons/1.10.1/junit-platform-commons-1.10.1.jar:/Users/liamsinclair/.m2/repository/org/apiguardian/apiguardian-api/1.1.2/apiguardian-api-1.1.2.jar:/Users/liamsinclair/.m2/repository/org/junit/jupiter/junit-jupiter-params/5.10.1/junit-jupiter-params-5.10.1.jar:/Users/liamsinclair/.m2/repository/org/junit/jupiter/junit-jupiter-engine/5.10.1/junit-jupiter-engine-5.10.1.jar:/Users/liamsinclair/.m2/repository/org/junit/platform/junit-platform-engine/1.10.1/junit-platform-engine-1.10.1.jar:/Users/liamsinclair/.m2/repository/org/mockito/mockito-core/5.7.0/mockito-core-5.7.0.jar:/Users/liamsinclair/.m2/repository/net/bytebuddy/byte-buddy-agent/1.14.10/byte-buddy-agent-1.14.10.jar:/Users/liamsinclair/.m2/repository/org/objenesis/objenesis/3.3/objenesis-3.3.jar:/Users/liamsinclair/.m2/repository/org/mockito/mockito-junit-jupiter/5.7.0/mockito-junit-jupiter-5.7.0.jar:/Users/liamsinclair/.m2/repository/org/skyscreamer/jsonassert/1.5.1/jsonassert-1.5.1.jar:/Users/liamsinclair/.m2/repository/com/vaadin/external/google/android-json/0.0.20131108.vaadin1/android-json-0.0.20131108.vaadin1.jar:/Users/liamsinclair/.m2/repository/org/springframework/spring-core/6.1.1/spring-core-6.1.1.jar:/Users/liamsinclair/.m2/repository/org/springframework/spring-jcl/6.1.1/spring-jcl-6.1.1.jar:/Users/liamsinclair/.m2/repository/org/springframework/spring-test/6.1.1/spring-test-6.1.1.jar:/Users/liamsinclair/.m2/repository/org/xmlunit/xmlunit-core/2.9.1/xmlunit-core-2.9.1.jar:/Users/liamsinclair/.m2/repository/io/jsonwebtoken/jjwt-api/0.11.5/jjwt-api-0.11.5.jar:/Users/liamsinclair/.m2/repository/io/jsonwebtoken/jjwt-impl/0.11.5/jjwt-impl-0.11.5.jar:/Users/liamsinclair/.m2/repository/io/jsonwebtoken/jjwt-jackson/0.11.5/jjwt-jackson-0.11.5.jar:/Users/liamsinclair/.m2/repository/com/fasterxml/jackson/core/jackson-databind/2.15.3/jackson-databind-2.15.3.jar:/Users/liamsinclair/.m2/repository/com/fasterxml/jackson/core/jackson-annotations/2.15.3/jackson-annotations-2.15.3.jar:/Users/liamsinclair/.m2/repository/com/fasterxml/jackson/core/jackson-core/2.15.3/jackson-core-2.15.3.jar:/Users/liamsinclair/.m2/repository/org/springframework/boot/spring-boot-devtools/3.2.0/spring-boot-devtools-3.2.0.jar:/Users/liamsinclair/.m2/repository/org/springframework/boot/spring-boot/3.2.0/spring-boot-3.2.0.jar:/Users/liamsinclair/.m2/repository/org/springframework/boot/spring-boot-autoconfigure/3.2.0/spring-boot-autoconfigure-3.2.0.jar:/Users/liamsinclair/.m2/repository/org/springframework/security/spring-security-test/6.2.0/spring-security-test-6.2.0.jar:/Users/liamsinclair/.m2/repository/org/springframework/security/spring-security-core/6.2.0/spring-security-core-6.2.0.jar:/Users/liamsinclair/.m2/repository/org/springframework/security/spring-security-crypto/6.2.0/spring-security-crypto-6.2.0.jar:/Users/liamsinclair/.m2/repository/io/jsonwebtoken/jjwt/0.12.3/jjwt-0.12.3.jar:/Users/liamsinclair/.m2/repository/org/springframework/boot/spring-boot-starter-validation/3.2.0/spring-boot-starter-validation-3.2.0.jar:/Users/liamsinclair/.m2/repository/org/apache/tomcat/embed/tomcat-embed-el/10.1.16/tomcat-embed-el-10.1.16.jar:/Users/liamsinclair/.m2/repository/org/hibernate/validator/hibernate-validator/8.0.1.Final/hibernate-validator-8.0.1.Final.jar:/Users/liamsinclair/.m2/repository/jakarta/validation/jakarta.validation-api/3.0.2/jakarta.validation-api-3.0.2.jar:/Users/liamsinclair/.m2/repository/org/jboss/logging/jboss-logging/3.5.3.Final/jboss-logging-3.5.3.Final.jar:/Users/liamsinclair/.m2/repository/com/fasterxml/classmate/1.6.0/classmate-1.6.0.jar:/Users/liamsinclair/.m2/repository/commons-io/commons-io/2.11.0/commons-io-2.11.0.jar:/Users/liamsinclair/.m2/repository/javax/xml/bind/jaxb-api/2.4.0-b180830.0359/jaxb-api-2.4.0-b180830.0359.jar:/Users/liamsinclair/.m2/repository/javax/activation/javax.activation-api/1.2.0/javax.activation-api-1.2.0.jar:/Users/liamsinclair/.m2/repository/com/amazonaws/aws-java-sdk-s3/1.11.1000/aws-java-sdk-s3-1.11.1000.jar:/Users/liamsinclair/.m2/repository/com/amazonaws/aws-java-sdk-kms/1.11.1000/aws-java-sdk-kms-1.11.1000.jar:/Users/liamsinclair/.m2/repository/com/amazonaws/aws-java-sdk-core/1.11.1000/aws-java-sdk-core-1.11.1000.jar:/Users/liamsinclair/.m2/repository/commons-logging/commons-logging/1.1.3/commons-logging-1.1.3.jar:/Users/liamsinclair/.m2/repository/commons-codec/commons-codec/1.16.0/commons-codec-1.16.0.jar:/Users/liamsinclair/.m2/repository/org/apache/httpcomponents/httpclient/4.5.13/httpclient-4.5.13.jar:/Users/liamsinclair/.m2/repository/org/apache/httpcomponents/httpcore/4.4.16/httpcore-4.4.16.jar:/Users/liamsinclair/.m2/repository/software/amazon/ion/ion-java/1.0.2/ion-java-1.0.2.jar:/Users/liamsinclair/.m2/repository/com/fasterxml/jackson/dataformat/jackson-dataformat-cbor/2.15.3/jackson-dataformat-cbor-2.15.3.jar:/Users/liamsinclair/.m2/repository/joda-time/joda-time/2.8.1/joda-time-2.8.1.jar:/Users/liamsinclair/.m2/repository/com/amazonaws/jmespath-java/1.11.1000/jmespath-java-1.11.1000.jar:/Users/liamsinclair/.m2/repository/commons-fileupload/commons-fileupload/1.4/commons-fileupload-1.4.jar:"/>
    <property name="java.vm.vendor" value="Homebrew"/>
    <property name="sun.arch.data.model" value="64"/>
    <property name="java.vendor.url" value="https://github.com/Homebrew/homebrew-core/issues"/>
    <property name="user.timezone" value="America/New_York"/>
    <property name="org.jboss.logging.provider" value="slf4j"/>
    <property name="os.name" value="Mac OS X"/>
    <property name="java.vm.specification.version" value="21"/>
    <property name="sun.java.launcher" value="SUN_STANDARD"/>
    <property name="user.country" value="US"/>
    <property name="sun.boot.library.path" value="/opt/homebrew/Cellar/openjdk/21.0.1/libexec/openjdk.jdk/Contents/Home/lib"/>
    <property name="sun.java.command" value="/Users/liamsinclair/PumpPals/target/surefire/surefirebooter-20231210183552203_3.jar /Users/liamsinclair/PumpPals/target/surefire 2023-12-10T18-35-52_155-jvmRun1 surefire-20231210183552203_1tmp surefire_0-20231210183552203_2tmp"/>
    <property name="http.nonProxyHosts" value="local|*.local|169.254/16|*.169.254/16"/>
    <property name="jdk.debug" value="release"/>
    <property name="surefire.test.class.path" value="/Users/liamsinclair/PumpPals/target/test-classes:/Users/liamsinclair/PumpPals/target/classes:/Users/liamsinclair/.m2/repository/org/springframework/boot/spring-boot-starter-data-mongodb/3.2.0/spring-boot-starter-data-mongodb-3.2.0.jar:/Users/liamsinclair/.m2/repository/org/springframework/boot/spring-boot-starter/3.2.0/spring-boot-starter-3.2.0.jar:/Users/liamsinclair/.m2/repository/org/springframework/boot/spring-boot-starter-logging/3.2.0/spring-boot-starter-logging-3.2.0.jar:/Users/liamsinclair/.m2/repository/ch/qos/logback/logback-classic/1.4.11/logback-classic-1.4.11.jar:/Users/liamsinclair/.m2/repository/ch/qos/logback/logback-core/1.4.11/logback-core-1.4.11.jar:/Users/liamsinclair/.m2/repository/org/apache/logging/log4j/log4j-to-slf4j/2.21.1/log4j-to-slf4j-2.21.1.jar:/Users/liamsinclair/.m2/repository/org/apache/logging/log4j/log4j-api/2.21.1/log4j-api-2.21.1.jar:/Users/liamsinclair/.m2/repository/org/slf4j/jul-to-slf4j/2.0.9/jul-to-slf4j-2.0.9.jar:/Users/liamsinclair/.m2/repository/jakarta/annotation/jakarta.annotation-api/2.1.1/jakarta.annotation-api-2.1.1.jar:/Users/liamsinclair/.m2/repository/org/yaml/snakeyaml/2.2/snakeyaml-2.2.jar:/Users/liamsinclair/.m2/repository/org/mongodb/mongodb-driver-sync/4.11.1/mongodb-driver-sync-4.11.1.jar:/Users/liamsinclair/.m2/repository/org/mongodb/bson/4.11.1/bson-4.11.1.jar:/Users/liamsinclair/.m2/repository/org/mongodb/mongodb-driver-core/4.11.1/mongodb-driver-core-4.11.1.jar:/Users/liamsinclair/.m2/repository/org/mongodb/bson-record-codec/4.11.1/bson-record-codec-4.11.1.jar:/Users/liamsinclair/.m2/repository/org/springframework/data/spring-data-mongodb/4.2.0/spring-data-mongodb-4.2.0.jar:/Users/liamsinclair/.m2/repository/org/springframework/spring-tx/6.1.1/spring-tx-6.1.1.jar:/Users/liamsinclair/.m2/repository/org/springframework/spring-context/6.1.1/spring-context-6.1.1.jar:/Users/liamsinclair/.m2/repository/org/springframework/spring-beans/6.1.1/spring-beans-6.1.1.jar:/Users/liamsinclair/.m2/repository/org/springframework/spring-expression/6.1.1/spring-expression-6.1.1.jar:/Users/liamsinclair/.m2/repository/org/springframework/data/spring-data-commons/3.2.0/spring-data-commons-3.2.0.jar:/Users/liamsinclair/.m2/repository/org/slf4j/slf4j-api/2.0.9/slf4j-api-2.0.9.jar:/Users/liamsinclair/.m2/repository/me/paulschwarz/spring-dotenv/2.5.4/spring-dotenv-2.5.4.jar:/Users/liamsinclair/.m2/repository/io/github/cdimascio/dotenv-java/2.2.3/dotenv-java-2.2.3.jar:/Users/liamsinclair/.m2/repository/org/springframework/boot/spring-boot-starter-security/3.2.0/spring-boot-starter-security-3.2.0.jar:/Users/liamsinclair/.m2/repository/org/springframework/spring-aop/6.1.1/spring-aop-6.1.1.jar:/Users/liamsinclair/.m2/repository/org/springframework/security/spring-security-config/6.2.0/spring-security-config-6.2.0.jar:/Users/liamsinclair/.m2/repository/org/springframework/security/spring-security-web/6.2.0/spring-security-web-6.2.0.jar:/Users/liamsinclair/.m2/repository/org/springframework/boot/spring-boot-starter-web/3.2.0/spring-boot-starter-web-3.2.0.jar:/Users/liamsinclair/.m2/repository/org/springframework/boot/spring-boot-starter-json/3.2.0/spring-boot-starter-json-3.2.0.jar:/Users/liamsinclair/.m2/repository/com/fasterxml/jackson/datatype/jackson-datatype-jdk8/2.15.3/jackson-datatype-jdk8-2.15.3.jar:/Users/liamsinclair/.m2/repository/com/fasterxml/jackson/datatype/jackson-datatype-jsr310/2.15.3/jackson-datatype-jsr310-2.15.3.jar:/Users/liamsinclair/.m2/repository/com/fasterxml/jackson/module/jackson-module-parameter-names/2.15.3/jackson-module-parameter-names-2.15.3.jar:/Users/liamsinclair/.m2/repository/org/springframework/boot/spring-boot-starter-tomcat/3.2.0/spring-boot-starter-tomcat-3.2.0.jar:/Users/liamsinclair/.m2/repository/org/apache/tomcat/embed/tomcat-embed-core/10.1.16/tomcat-embed-core-10.1.16.jar:/Users/liamsinclair/.m2/repository/org/apache/tomcat/embed/tomcat-embed-websocket/10.1.16/tomcat-embed-websocket-10.1.16.jar:/Users/liamsinclair/.m2/repository/org/springframework/spring-web/6.1.1/spring-web-6.1.1.jar:/Users/liamsinclair/.m2/repository/io/micrometer/micrometer-observation/1.12.0/micrometer-observation-1.12.0.jar:/Users/liamsinclair/.m2/repository/io/micrometer/micrometer-commons/1.12.0/micrometer-commons-1.12.0.jar:/Users/liamsinclair/.m2/repository/org/springframework/spring-webmvc/6.1.1/spring-webmvc-6.1.1.jar:/Users/liamsinclair/.m2/repository/org/projectlombok/lombok/1.18.30/lombok-1.18.30.jar:/Users/liamsinclair/.m2/repository/org/springframework/boot/spring-boot-starter-test/3.2.0/spring-boot-starter-test-3.2.0.jar:/Users/liamsinclair/.m2/repository/org/springframework/boot/spring-boot-test/3.2.0/spring-boot-test-3.2.0.jar:/Users/liamsinclair/.m2/repository/org/springframework/boot/spring-boot-test-autoconfigure/3.2.0/spring-boot-test-autoconfigure-3.2.0.jar:/Users/liamsinclair/.m2/repository/com/jayway/jsonpath/json-path/2.8.0/json-path-2.8.0.jar:/Users/liamsinclair/.m2/repository/jakarta/xml/bind/jakarta.xml.bind-api/4.0.1/jakarta.xml.bind-api-4.0.1.jar:/Users/liamsinclair/.m2/repository/jakarta/activation/jakarta.activation-api/2.1.2/jakarta.activation-api-2.1.2.jar:/Users/liamsinclair/.m2/repository/net/minidev/json-smart/2.5.0/json-smart-2.5.0.jar:/Users/liamsinclair/.m2/repository/net/minidev/accessors-smart/2.5.0/accessors-smart-2.5.0.jar:/Users/liamsinclair/.m2/repository/org/ow2/asm/asm/9.3/asm-9.3.jar:/Users/liamsinclair/.m2/repository/org/assertj/assertj-core/3.24.2/assertj-core-3.24.2.jar:/Users/liamsinclair/.m2/repository/net/bytebuddy/byte-buddy/1.14.10/byte-buddy-1.14.10.jar:/Users/liamsinclair/.m2/repository/org/awaitility/awaitility/4.2.0/awaitility-4.2.0.jar:/Users/liamsinclair/.m2/repository/org/hamcrest/hamcrest/2.2/hamcrest-2.2.jar:/Users/liamsinclair/.m2/repository/org/junit/jupiter/junit-jupiter/5.10.1/junit-jupiter-5.10.1.jar:/Users/liamsinclair/.m2/repository/org/junit/jupiter/junit-jupiter-api/5.10.1/junit-jupiter-api-5.10.1.jar:/Users/liamsinclair/.m2/repository/org/opentest4j/opentest4j/1.3.0/opentest4j-1.3.0.jar:/Users/liamsinclair/.m2/repository/org/junit/platform/junit-platform-commons/1.10.1/junit-platform-commons-1.10.1.jar:/Users/liamsinclair/.m2/repository/org/apiguardian/apiguardian-api/1.1.2/apiguardian-api-1.1.2.jar:/Users/liamsinclair/.m2/repository/org/junit/jupiter/junit-jupiter-params/5.10.1/junit-jupiter-params-5.10.1.jar:/Users/liamsinclair/.m2/repository/org/junit/jupiter/junit-jupiter-engine/5.10.1/junit-jupiter-engine-5.10.1.jar:/Users/liamsinclair/.m2/repository/org/junit/platform/junit-platform-engine/1.10.1/junit-platform-engine-1.10.1.jar:/Users/liamsinclair/.m2/repository/org/mockito/mockito-core/5.7.0/mockito-core-5.7.0.jar:/Users/liamsinclair/.m2/repository/net/bytebuddy/byte-buddy-agent/1.14.10/byte-buddy-agent-1.14.10.jar:/Users/liamsinclair/.m2/repository/org/objenesis/objenesis/3.3/objenesis-3.3.jar:/Users/liamsinclair/.m2/repository/org/mockito/mockito-junit-jupiter/5.7.0/mockito-junit-jupiter-5.7.0.jar:/Users/liamsinclair/.m2/repository/org/skyscreamer/jsonassert/1.5.1/jsonassert-1.5.1.jar:/Users/liamsinclair/.m2/repository/com/vaadin/external/google/android-json/0.0.20131108.vaadin1/android-json-0.0.20131108.vaadin1.jar:/Users/liamsinclair/.m2/repository/org/springframework/spring-core/6.1.1/spring-core-6.1.1.jar:/Users/liamsinclair/.m2/repository/org/springframework/spring-jcl/6.1.1/spring-jcl-6.1.1.jar:/Users/liamsinclair/.m2/repository/org/springframework/spring-test/6.1.1/spring-test-6.1.1.jar:/Users/liamsinclair/.m2/repository/org/xmlunit/xmlunit-core/2.9.1/xmlunit-core-2.9.1.jar:/Users/liamsinclair/.m2/repository/io/jsonwebtoken/jjwt-api/0.11.5/jjwt-api-0.11.5.jar:/Users/liamsinclair/.m2/repository/io/jsonwebtoken/jjwt-impl/0.11.5/jjwt-impl-0.11.5.jar:/Users/liamsinclair/.m2/repository/io/jsonwebtoken/jjwt-jackson/0.11.5/jjwt-jackson-0.11.5.jar:/Users/liamsinclair/.m2/repository/com/fasterxml/jackson/core/jackson-databind/2.15.3/jackson-databind-2.15.3.jar:/Users/liamsinclair/.m2/repository/com/fasterxml/jackson/core/jackson-annotations/2.15.3/jackson-annotations-2.15.3.jar:/Users/liamsinclair/.m2/repository/com/fasterxml/jackson/core/jackson-core/2.15.3/jackson-core-2.15.3.jar:/Users/liamsinclair/.m2/repository/org/springframework/boot/spring-boot-devtools/3.2.0/spring-boot-devtools-3.2.0.jar:/Users/liamsinclair/.m2/repository/org/springframework/boot/spring-boot/3.2.0/spring-boot-3.2.0.jar:/Users/liamsinclair/.m2/repository/org/springframework/boot/spring-boot-autoconfigure/3.2.0/spring-boot-autoconfigure-3.2.0.jar:/Users/liamsinclair/.m2/repository/org/springframework/security/spring-security-test/6.2.0/spring-security-test-6.2.0.jar:/Users/liamsinclair/.m2/repository/org/springframework/security/spring-security-core/6.2.0/spring-security-core-6.2.0.jar:/Users/liamsinclair/.m2/repository/org/springframework/security/spring-security-crypto/6.2.0/spring-security-crypto-6.2.0.jar:/Users/liamsinclair/.m2/repository/io/jsonwebtoken/jjwt/0.12.3/jjwt-0.12.3.jar:/Users/liamsinclair/.m2/repository/org/springframework/boot/spring-boot-starter-validation/3.2.0/spring-boot-starter-validation-3.2.0.jar:/Users/liamsinclair/.m2/repository/org/apache/tomcat/embed/tomcat-embed-el/10.1.16/tomcat-embed-el-10.1.16.jar:/Users/liamsinclair/.m2/repository/org/hibernate/validator/hibernate-validator/8.0.1.Final/hibernate-validator-8.0.1.Final.jar:/Users/liamsinclair/.m2/repository/jakarta/validation/jakarta.validation-api/3.0.2/jakarta.validation-api-3.0.2.jar:/Users/liamsinclair/.m2/repository/org/jboss/logging/jboss-logging/3.5.3.Final/jboss-logging-3.5.3.Final.jar:/Users/liamsinclair/.m2/repository/com/fasterxml/classmate/1.6.0/classmate-1.6.0.jar:/Users/liamsinclair/.m2/repository/commons-io/commons-io/2.11.0/commons-io-2.11.0.jar:/Users/liamsinclair/.m2/repository/javax/xml/bind/jaxb-api/2.4.0-b180830.0359/jaxb-api-2.4.0-b180830.0359.jar:/Users/liamsinclair/.m2/repository/javax/activation/javax.activation-api/1.2.0/javax.activation-api-1.2.0.jar:/Users/liamsinclair/.m2/repository/com/amazonaws/aws-java-sdk-s3/1.11.1000/aws-java-sdk-s3-1.11.1000.jar:/Users/liamsinclair/.m2/repository/com/amazonaws/aws-java-sdk-kms/1.11.1000/aws-java-sdk-kms-1.11.1000.jar:/Users/liamsinclair/.m2/repository/com/amazonaws/aws-java-sdk-core/1.11.1000/aws-java-sdk-core-1.11.1000.jar:/Users/liamsinclair/.m2/repository/commons-logging/commons-logging/1.1.3/commons-logging-1.1.3.jar:/Users/liamsinclair/.m2/repository/commons-codec/commons-codec/1.16.0/commons-codec-1.16.0.jar:/Users/liamsinclair/.m2/repository/org/apache/httpcomponents/httpclient/4.5.13/httpclient-4.5.13.jar:/Users/liamsinclair/.m2/repository/org/apache/httpcomponents/httpcore/4.4.16/httpcore-4.4.16.jar:/Users/liamsinclair/.m2/repository/software/amazon/ion/ion-java/1.0.2/ion-java-1.0.2.jar:/Users/liamsinclair/.m2/repository/com/fasterxml/jackson/dataformat/jackson-dataformat-cbor/2.15.3/jackson-dataformat-cbor-2.15.3.jar:/Users/liamsinclair/.m2/repository/joda-time/joda-time/2.8.1/joda-time-2.8.1.jar:/Users/liamsinclair/.m2/repository/com/amazonaws/jmespath-java/1.11.1000/jmespath-java-1.11.1000.jar:/Users/liamsinclair/.m2/repository/commons-fileupload/commons-fileupload/1.4/commons-fileupload-1.4.jar:"/>
    <property name="sun.cpu.endian" value="little"/>
    <property name="user.home" value="/Users/liamsinclair"/>
    <property name="user.language" value="en"/>
    <property name="java.specification.vendor" value="Oracle Corporation"/>
    <property name="java.version.date" value="2023-10-17"/>
    <property name="java.home" value="/opt/homebrew/Cellar/openjdk/21.0.1/libexec/openjdk.jdk/Contents/Home"/>
    <property name="file.separator" value="/"/>
    <property name="basedir" value="/Users/liamsinclair/PumpPals"/>
    <property name="java.vm.compressedOopsMode" value="Zero based"/>
    <property name="line.separator" value="&#10;"/>
    <property name="java.vm.specification.vendor" value="Oracle Corporation"/>
    <property name="java.specification.name" value="Java Platform API Specification"/>
    <property name="FILE_LOG_CHARSET" value="UTF-8"/>
    <property name="java.awt.headless" value="true"/>
    <property name="apple.awt.application.name" value="ForkedBooter"/>
    <property name="surefire.real.class.path" value="/Users/liamsinclair/PumpPals/target/surefire/surefirebooter-20231210183552203_3.jar"/>
    <property name="sun.management.compiler" value="HotSpot 64-Bit Tiered Compilers"/>
    <property name="ftp.nonProxyHosts" value="local|*.local|169.254/16|*.169.254/16"/>
    <property name="java.runtime.version" value="21.0.1"/>
    <property name="user.name" value="liamsinclair"/>
    <property name="stdout.encoding" value="UTF-8"/>
    <property name="path.separator" value=":"/>
    <property name="os.version" value="14.1.1"/>
    <property name="java.runtime.name" value="OpenJDK Runtime Environment"/>
    <property name="file.encoding" value="UTF-8"/>
    <property name="java.vm.name" value="OpenJDK 64-Bit Server VM"/>
    <property name="java.vendor.version" value="Homebrew"/>
    <property name="localRepository" value="/Users/liamsinclair/.m2/repository"/>
    <property name="java.vendor.url.bug" value="https://github.com/Homebrew/homebrew-core/issues"/>
    <property name="java.io.tmpdir" value="/var/folders/03/g75zqbws6fd2_t4wgh77xt0m0000gn/T/"/>
    <property name="java.version" value="21.0.1"/>
    <property name="user.dir" value="/Users/liamsinclair/PumpPals"/>
    <property name="os.arch" value="aarch64"/>
    <property name="java.vm.specification.name" value="Java Virtual Machine Specification"/>
    <property name="PID" value="24236"/>
    <property name="CONSOLE_LOG_CHARSET" value="UTF-8"/>
    <property name="native.encoding" value="UTF-8"/>
    <property name="java.library.path" value="/Users/liamsinclair/Library/Java/Extensions:/Library/Java/Extensions:/Network/Library/Java/Extensions:/System/Library/Java/Extensions:/usr/lib/java:."/>
    <property name="java.vm.info" value="mixed mode, sharing"/>
    <property name="stderr.encoding" value="UTF-8"/>
    <property name="java.vendor" value="Homebrew"/>
    <property name="java.vm.version" value="21.0.1"/>
    <property name="sun.io.unicode.encoding" value="UnicodeBig"/>
    <property name="socksNonProxyHosts" value="local|*.local|169.254/16|*.169.254/16"/>
    <property name="java.class.version" value="65.0"/>
  </properties>
  <testcase name="contextLoads" classname="com.pumppals.pumppalsapi.PumppalsApiApplicationTests" time="0.429">
    <system-out><![CDATA[18:35:52.582 [main] INFO org.springframework.test.context.support.AnnotationConfigContextLoaderUtils -- Could not detect default configuration classes for test class [com.pumppals.pumppalsapi.PumppalsApiApplicationTests]: PumppalsApiApplicationTests does not declare any static, non-private, non-final, nested classes annotated with @Configuration.
18:35:52.627 [main] INFO org.springframework.boot.test.context.SpringBootTestContextBootstrapper -- Found @SpringBootConfiguration com.pumppals.pumppalsapi.PumppalsApiApplication for test class com.pumppals.pumppalsapi.PumppalsApiApplicationTests
18:35:52.687 [main] INFO org.springframework.boot.devtools.restart.RestartApplicationListener -- Restart disabled due to context in which it is running

  .   ____          _            __ _ _
 /\\ / ___'_ __ _ _(_)_ __  __ _ \ \ \ \
( ( )\___ | '_ | '_| | '_ \/ _` | \ \ \ \
 \\/  ___)| |_)| | | | | || (_| |  ) ) ) )
  '  |____| .__|_| |_|_| |_\__, | / / / /
 =========|_|==============|___/=/_/_/_/
 :: Spring Boot ::                (v3.2.0)

2023-12-10T18:35:52.812-05:00  INFO 24236 --- [           main] m.p.springdotenv.DotenvPropertySource    : Initializing Dotenv with DotenvConfig{directory=null, filename=null, ignoreIfMalformed=false, ignoreIfMissing=true, systemProperties=false, prefix=null}
2023-12-10T18:35:52.829-05:00  INFO 24236 --- [           main] c.p.p.PumppalsApiApplicationTests        : Starting PumppalsApiApplicationTests using Java 21.0.1 with PID 24236 (started by liamsinclair in /Users/liamsinclair/PumpPals)
2023-12-10T18:35:52.830-05:00  INFO 24236 --- [           main] c.p.p.PumppalsApiApplicationTests        : No active profile set, falling back to 1 default profile: "default"
2023-12-10T18:35:53.115-05:00  INFO 24236 --- [           main] .s.d.r.c.RepositoryConfigurationDelegate : Bootstrapping Spring Data MongoDB repositories in DEFAULT mode.
2023-12-10T18:35:53.138-05:00  INFO 24236 --- [           main] .s.d.r.c.RepositoryConfigurationDelegate : Finished Spring Data repository scanning in 21 ms. Found 3 MongoDB repository interfaces.
2023-12-10T18:35:53.388-05:00  INFO 24236 --- [           main] org.mongodb.driver.client                : MongoClient with metadata {"driver": {"name": "mongo-java-driver|sync|spring-boot", "version": "4.11.1"}, "os": {"type": "Darwin", "name": "Mac OS X", "architecture": "aarch64", "version": "14.1.1"}, "platform": "Java/Homebrew/21.0.1"} created with settings MongoClientSettings{readPreference=primary, writeConcern=WriteConcern{w=null, wTimeout=null ms, journal=null}, retryWrites=true, retryReads=true, readConcern=ReadConcern{level=null}, credential=MongoCredential{mechanism=null, userName='zifo', source='admin', password=<hidden>, mechanismProperties=<hidden>}, transportSettings=null, streamFactoryFactory=null, commandListeners=[], codecRegistry=ProvidersCodecRegistry{codecProviders=[ValueCodecProvider{}, BsonValueCodecProvider{}, DBRefCodecProvider{}, DBObjectCodecProvider{}, DocumentCodecProvider{}, CollectionCodecProvider{}, IterableCodecProvider{}, MapCodecProvider{}, GeoJsonCodecProvider{}, GridFSFileCodecProvider{}, Jsr310CodecProvider{}, JsonObjectCodecProvider{}, BsonCodecProvider{}, EnumCodecProvider{}, com.mongodb.client.model.mql.ExpressionCodecProvider@746c411c, com.mongodb.Jep395RecordCodecProvider@43ecfeb5, com.mongodb.KotlinCodecProvider@51efb731]}, loggerSettings=LoggerSettings{maxDocumentLength=1000}, clusterSettings={hosts=[127.0.0.1:27017], srvHost=cluster0.w6kffuz.mongodb.net, srvServiceName=mongodb, mode=MULTIPLE, requiredClusterType=REPLICA_SET, requiredReplicaSetName='atlas-8857qn-shard-0', serverSelector='null', clusterListeners='[]', serverSelectionTimeout='30000 ms', localThreshold='15 ms'}, socketSettings=SocketSettings{connectTimeoutMS=10000, readTimeoutMS=0, receiveBufferSize=0, proxySettings=ProxySettings{host=null, port=null, username=null, password=null}}, heartbeatSocketSettings=SocketSettings{connectTimeoutMS=10000, readTimeoutMS=10000, receiveBufferSize=0, proxySettings=ProxySettings{host=null, port=null, username=null, password=null}}, connectionPoolSettings=ConnectionPoolSettings{maxSize=100, minSize=0, maxWaitTimeMS=120000, maxConnectionLifeTimeMS=0, maxConnectionIdleTimeMS=0, maintenanceInitialDelayMS=0, maintenanceFrequencyMS=60000, connectionPoolListeners=[], maxConnecting=2}, serverSettings=ServerSettings{heartbeatFrequencyMS=10000, minHeartbeatFrequencyMS=500, serverListeners='[]', serverMonitorListeners='[]'}, sslSettings=SslSettings{enabled=true, invalidHostNameAllowed=false, context=null}, applicationName='null', compressorList=[], uuidRepresentation=JAVA_LEGACY, serverApi=null, autoEncryptionSettings=null, dnsClient=null, inetAddressResolver=null, contextProvider=null}
2023-12-10T18:35:53.399-05:00  INFO 24236 --- [fuz.mongodb.net] org.mongodb.driver.cluster               : Adding discovered server ac-4k38evm-shard-00-01.w6kffuz.mongodb.net:27017 to client view of cluster
2023-12-10T18:35:53.409-05:00  INFO 24236 --- [fuz.mongodb.net] org.mongodb.driver.cluster               : Adding discovered server ac-4k38evm-shard-00-02.w6kffuz.mongodb.net:27017 to client view of cluster
2023-12-10T18:35:53.410-05:00  INFO 24236 --- [fuz.mongodb.net] org.mongodb.driver.cluster               : Adding discovered server ac-4k38evm-shard-00-00.w6kffuz.mongodb.net:27017 to client view of cluster
2023-12-10T18:35:53.748-05:00  INFO 24236 --- [ngodb.net:27017] org.mongodb.driver.cluster               : Monitor thread successfully connected to server with description ServerDescription{address=ac-4k38evm-shard-00-02.w6kffuz.mongodb.net:27017, type=REPLICA_SET_SECONDARY, state=CONNECTED, ok=true, minWireVersion=0, maxWireVersion=17, maxDocumentSize=16777216, logicalSessionTimeoutMinutes=30, roundTripTimeNanos=185675500, setName='atlas-8857qn-shard-0', canonicalAddress=ac-4k38evm-shard-00-02.w6kffuz.mongodb.net:27017, hosts=[ac-4k38evm-shard-00-00.w6kffuz.mongodb.net:27017, ac-4k38evm-shard-00-01.w6kffuz.mongodb.net:27017, ac-4k38evm-shard-00-02.w6kffuz.mongodb.net:27017], passives=[], arbiters=[], primary='ac-4k38evm-shard-00-01.w6kffuz.mongodb.net:27017', tagSet=TagSet{[Tag{name='availabilityZone', value='use1-az5'}, Tag{name='nodeType', value='ELECTABLE'}, Tag{name='provider', value='AWS'}, Tag{name='region', value='US_EAST_1'}, Tag{name='workloadType', value='OPERATIONAL'}]}, electionId=null, setVersion=2, topologyVersion=TopologyVersion{processId=6576408f524705d9244de2d0, counter=3}, lastWriteDate=Sun Dec 10 18:35:53 EST 2023, lastUpdateTimeNanos=5660241287958}
2023-12-10T18:35:53.748-05:00  INFO 24236 --- [ngodb.net:27017] org.mongodb.driver.cluster               : Monitor thread successfully connected to server with description ServerDescription{address=ac-4k38evm-shard-00-01.w6kffuz.mongodb.net:27017, type=REPLICA_SET_PRIMARY, state=CONNECTED, ok=true, minWireVersion=0, maxWireVersion=17, maxDocumentSize=16777216, logicalSessionTimeoutMinutes=30, roundTripTimeNanos=185668000, setName='atlas-8857qn-shard-0', canonicalAddress=ac-4k38evm-shard-00-01.w6kffuz.mongodb.net:27017, hosts=[ac-4k38evm-shard-00-00.w6kffuz.mongodb.net:27017, ac-4k38evm-shard-00-01.w6kffuz.mongodb.net:27017, ac-4k38evm-shard-00-02.w6kffuz.mongodb.net:27017], passives=[], arbiters=[], primary='ac-4k38evm-shard-00-01.w6kffuz.mongodb.net:27017', tagSet=TagSet{[Tag{name='availabilityZone', value='use1-az2'}, Tag{name='nodeType', value='ELECTABLE'}, Tag{name='provider', value='AWS'}, Tag{name='region', value='US_EAST_1'}, Tag{name='workloadType', value='OPERATIONAL'}]}, electionId=7fffffff0000000000000034, setVersion=2, topologyVersion=TopologyVersion{processId=65763f7a4508e6703fe35468, counter=6}, lastWriteDate=Sun Dec 10 18:35:53 EST 2023, lastUpdateTimeNanos=5660241263208}
2023-12-10T18:35:53.749-05:00  INFO 24236 --- [ngodb.net:27017] org.mongodb.driver.cluster               : Monitor thread successfully connected to server with description ServerDescription{address=ac-4k38evm-shard-00-00.w6kffuz.mongodb.net:27017, type=REPLICA_SET_SECONDARY, state=CONNECTED, ok=true, minWireVersion=0, maxWireVersion=17, maxDocumentSize=16777216, logicalSessionTimeoutMinutes=30, roundTripTimeNanos=187490917, setName='atlas-8857qn-shard-0', canonicalAddress=ac-4k38evm-shard-00-00.w6kffuz.mongodb.net:27017, hosts=[ac-4k38evm-shard-00-00.w6kffuz.mongodb.net:27017, ac-4k38evm-shard-00-01.w6kffuz.mongodb.net:27017, ac-4k38evm-shard-00-02.w6kffuz.mongodb.net:27017], passives=[], arbiters=[], primary='ac-4k38evm-shard-00-01.w6kffuz.mongodb.net:27017', tagSet=TagSet{[Tag{name='availabilityZone', value='use1-az1'}, Tag{name='nodeType', value='ELECTABLE'}, Tag{name='provider', value='AWS'}, Tag{name='region', value='US_EAST_1'}, Tag{name='workloadType', value='OPERATIONAL'}]}, electionId=null, setVersion=2, topologyVersion=TopologyVersion{processId=65763e88a2c20405180d8d54, counter=4}, lastWriteDate=Sun Dec 10 18:35:53 EST 2023, lastUpdateTimeNanos=5660243200166}
2023-12-10T18:35:53.750-05:00  INFO 24236 --- [ngodb.net:27017] org.mongodb.driver.cluster               : Discovered replica set primary ac-4k38evm-shard-00-01.w6kffuz.mongodb.net:27017 with max election id 7fffffff0000000000000034 and max set version 2
2023-12-10T18:35:53.897-05:00  INFO 24236 --- [           main] o.s.b.a.w.s.WelcomePageHandlerMapping    : Adding welcome page: class path resource [static/index.html]
2023-12-10T18:35:53.989-05:00  INFO 24236 --- [           main] o.s.s.web.DefaultSecurityFilterChain     : Will secure any request with [org.springframework.security.web.session.DisableEncodeUrlFilter@59a5bb61, org.springframework.security.web.context.request.async.WebAsyncManagerIntegrationFilter@6f65aa58, org.springframework.security.web.context.SecurityContextHolderFilter@3fe98084, org.springframework.security.web.header.HeaderWriterFilter@46994f26, org.springframework.web.filter.CorsFilter@749f61a3, org.springframework.security.web.authentication.logout.LogoutFilter@28b5d5dc, com.pumppals.pumppalsapi.filter.JwtAuthFilter@36d7a68a, org.springframework.security.web.savedrequest.RequestCacheAwareFilter@151a6598, org.springframework.security.web.servletapi.SecurityContextHolderAwareRequestFilter@6fa3def8, org.springframework.security.web.authentication.AnonymousAuthenticationFilter@42dd7d82, org.springframework.security.web.session.SessionManagementFilter@5dacf18d, org.springframework.security.web.access.ExceptionTranslationFilter@13b29b34, org.springframework.security.web.access.intercept.AuthorizationFilter@1d556461]
2023-12-10T18:35:54.137-05:00  INFO 24236 --- [           main] c.p.p.PumppalsApiApplicationTests        : Started PumppalsApiApplicationTests in 1.453 seconds (process running for 1.897)
]]></system-out>
    <system-err><![CDATA[WARNING: A Java agent has been loaded dynamically (/Users/liamsinclair/.m2/repository/net/bytebuddy/byte-buddy-agent/1.14.10/byte-buddy-agent-1.14.10.jar)
WARNING: If a serviceability tool is in use, please run with -XX:+EnableDynamicAgentLoading to hide this warning
WARNING: If a serviceability tool is not in use, please run with -Djdk.instrument.traceUsage for more information
WARNING: Dynamic loading of agents will be disallowed by default in a future release
]]></system-err>
  </testcase>
</testsuite>